Arguments: 
  /opt/homebrew/Cellar/node@16/16.15.1/bin/node /opt/homebrew/Cellar/yarn/1.22.19/libexec/bin/yarn.js start

PATH: 
  /opt/homebrew/opt/node@16/bin:/Users/kevinthiefes/.cargo/bin:/opt/homebrew/bin:/usr/local/opt/mysql-client/bin:/usr/local/bin:/usr/bin:/bin:/usr/sbin:/sbin:/Library/Apple/usr/bin:/Library/Frameworks/Mono.framework/Versions/Current/Commands

Yarn version: 
  1.22.19

Node version: 
  16.15.1

Platform: 
  darwin arm64

Trace: 
  SyntaxError: /Users/kevinthiefes/PROJECTS/node-mysql-backup-s3/package.json: Unexpected token } in JSON at position 165
      at JSON.parse (<anonymous>)
      at /opt/homebrew/Cellar/yarn/1.22.19/libexec/lib/cli.js:1629:59
      at Generator.next (<anonymous>)
      at step (/opt/homebrew/Cellar/yarn/1.22.19/libexec/lib/cli.js:310:30)
      at /opt/homebrew/Cellar/yarn/1.22.19/libexec/lib/cli.js:321:13

npm manifest: 
  {
    "name": "node-mysql-backup-s3",
    "version": "1.0.0",
    "main": "app.js",
    "author": "kev-ac",
    "license": "MIT",
    "scripts": {
      "start": "node app.js",
    },
    "type": "module",
    "dependencies": {
      "dotenv": "^16.0.1"
    }
  }

yarn manifest: 
  No manifest

Lockfile: 
  # THIS IS AN AUTOGENERATED FILE. DO NOT EDIT THIS FILE DIRECTLY.
  # yarn lockfile v1
  
  
  dotenv@^16.0.1:
    version "16.0.1"
    resolved "https://registry.yarnpkg.com/dotenv/-/dotenv-16.0.1.tgz#8f8f9d94876c35dac989876a5d3a82a267fdce1d"
    integrity sha512-1K6hR6wtk2FviQ4kEiSjFiH5rpzEVi8WW0x96aztHVMhEspNpc4DVOUTEHtEva5VThQ8IaBX1Pe4gSzpVVUsKQ==
